<?xml version="1.0" encoding="UTF-8"?>
<!-- Generated by org.testng.reporters.JUnitXMLReporter -->
<testsuite ignored="0" hostname="Mac-Air" failures="0" tests="3" name="Default test" time="29.226" errors="0" timestamp="2023-09-14T11:11:21 BRT">
  <testcase classname="uk.co.automationtesting.ChallangeNovo.OrderCompleteTest" name="endToEndTest" time="6.692"/>
  <testcase classname="uk.co.automationtesting.ChallangeNovo.OrderCompleteTest" name="endToEndTest2" time="6.46"/>
  <testcase classname="uk.co.automationtesting.ChallangeNovo.OrderCompleteTest" name="endToEndTeste" time="7.478"/>
</testsuite> <!-- Default test -->
