<?xml version="1.0" encoding="UTF-8"?>
<!-- Generated by org.testng.reporters.JUnitXMLReporter -->
<testsuite ignored="0" hostname="Mac-Air" failures="0" tests="3" name="OrderTest" time="32.682" errors="0" timestamp="2023-09-14T12:37:32 BRT">
  <testcase classname="uk.co.automationtesting.ChallangeNovo.OrderCompleteTest" name="endToEndTest" time="7.147"/>
  <testcase classname="uk.co.automationtesting.ChallangeNovo.OrderCompleteTest" name="endToEndTest2" time="7.795"/>
  <testcase classname="uk.co.automationtesting.ChallangeNovo.OrderCompleteTest" name="endToEndTeste" time="8.528"/>
</testsuite> <!-- OrderTest -->
