<?xml version="1.0" encoding="UTF-8"?>
<testng-results ignored="0" total="1" passed="1" failed="0" skipped="0">
  <reporter-output>
  </reporter-output>
  <suite started-at="2023-09-17T15:41:05 BRT" name="Default suite" finished-at="2023-09-17T15:41:26 BRT" duration-ms="20884">
    <groups>
    </groups>
    <test started-at="2023-09-17T15:41:05 BRT" name="Default test" finished-at="2023-09-17T15:41:26 BRT" duration-ms="20884">
      <class name="TestCases.SeachingTripTest01">
        <test-method is-config="true" signature="setup()[pri:0, instance:TestCases.SeachingTripTest01@7205765b]" started-at="2023-09-17T15:41:05 BRT" name="setup" finished-at="2023-09-17T15:41:18 BRT" duration-ms="12698" status="PASS">
          <reporter-output>
          </reporter-output>
        </test-method> <!-- setup -->
        <test-method signature="startingFirstJourning(java.lang.String,java.lang.String)[pri:0, instance:TestCases.SeachingTripTest01@7205765b]" started-at="2023-09-17T15:41:18 BRT" name="startingFirstJourning" data-provider="getData" finished-at="2023-09-17T15:41:26 BRT" duration-ms="7528" status="PASS">
          <params>
            <param index="0">
              <value>
                <![CDATA[Dublin]]>
              </value>
            </param>
            <param index="1">
              <value>
                <![CDATA[Paris Beauvais]]>
              </value>
            </param>
          </params>
          <reporter-output>
          </reporter-output>
        </test-method> <!-- startingFirstJourning -->
        <test-method is-config="true" signature="tearDown()[pri:0, instance:TestCases.SeachingTripTest01@7205765b]" started-at="2023-09-17T15:41:26 BRT" name="tearDown" finished-at="2023-09-17T15:41:26 BRT" duration-ms="410" status="PASS">
          <reporter-output>
          </reporter-output>
        </test-method> <!-- tearDown -->
      </class> <!-- TestCases.SeachingTripTest01 -->
    </test> <!-- Default test -->
  </suite> <!-- Default suite -->
</testng-results>
